<?xml version="1.0" encoding="UTF-8"?>
<!-- Generated by org.testng.reporters.JUnitReportReporter -->
<testsuite hostname="DESKTOP-M6GTC40" failures="0" tests="4" name="com.caseStatus.testCases.checkAsylum" time="8.554" errors="0" timestamp="2022-01-10T10:13:04 CST" skipped="0">
  <testcase classname="com.caseStatus.testCases.checkAsylum" name="checkTpsstatus" time="0.926"/>
  <system-out/>
  <testcase classname="com.caseStatus.testCases.checkAsylum" name="checkAsyStatus" time="1.259"/>
  <system-out/>
  <testcase classname="com.caseStatus.testCases.checkAsylum" name="checkEadstatus" time="0.995"/>
  <system-out/>
  <testcase classname="com.caseStatus.testCases.checkAsylum" name="checkCaseProcessingTimes" time="5.374"/>
  <system-out/>
</testsuite> <!-- com.caseStatus.testCases.checkAsylum -->
