<?xml version="1.0" encoding="UTF-8"?>
<!-- Generated by org.testng.reporters.JUnitReportReporter -->
<testsuite hostname="DESKTOP-M6GTC40" failures="0" tests="1" name="com.caseStatus.testCases.checkAsylum" time="4.387" errors="0" timestamp="2022-01-10T09:44:21 CST" skipped="0">
  <testcase classname="com.caseStatus.testCases.checkAsylum" name="checkCaseProcessingTimes" time="4.387"/>
  <system-out/>
</testsuite> <!-- com.caseStatus.testCases.checkAsylum -->
