<?xml version="1.0" encoding="UTF-8"?>
<!-- Generated by org.testng.reporters.JUnitReportReporter -->
<testsuite hostname="DESKTOP-M6GTC40" failures="0" tests="1" name="com.caseStatus.testCases.checkAsylum" time="0.006" errors="0" timestamp="2022-01-14T11:59:43 CST" skipped="0">
  <testcase classname="com.caseStatus.testCases.checkAsylum" name="testSMS" time="0.006"/>
  <system-out/>
</testsuite> <!-- com.caseStatus.testCases.checkAsylum -->
