<?xml version="1.0" encoding="UTF-8"?>
<!-- Generated by org.testng.reporters.JUnitReportReporter -->
<testsuite hostname="DESKTOP-M6GTC40" failures="0" tests="3" name="com.caseStatus.testCases.checkAsylum" time="3.093" errors="0" timestamp="2022-01-07T13:40:36 CST" skipped="0">
  <testcase classname="com.caseStatus.testCases.checkAsylum" name="checkAsyStatus" time="1.194"/>
  <system-out/>
  <testcase classname="com.caseStatus.testCases.checkAsylum" name="checkEadstatus" time="0.953"/>
  <system-out/>
  <testcase classname="com.caseStatus.testCases.checkAsylum" name="checkTpsstatus" time="0.946"/>
  <system-out/>
</testsuite> <!-- com.caseStatus.testCases.checkAsylum -->
